<?xml version="1.0" encoding="UTF-8"?>
<testng-results ignored="0" total="3" passed="3" failed="0" skipped="0">
  <reporter-output>
  </reporter-output>
  <suite started-at="2023-07-15T11:02:32 IST" name="BUB Demo Suite" finished-at="2023-07-15T11:03:04 IST" duration-ms="32052">
    <groups>
    </groups>
    <test started-at="2023-07-15T11:02:32 IST" name="SA Login" finished-at="2023-07-15T11:03:02 IST" duration-ms="30235">
      <class name="TestCases.SATest">
        <test-method is-config="true" signature="launchApplication()[pri:0, instance:TestCases.SATest@32c726ee]" started-at="2023-07-15T11:02:32 IST" name="launchApplication" finished-at="2023-07-15T11:02:47 IST" duration-ms="15398" status="PASS">
          <reporter-output>
          </reporter-output>
        </test-method> <!-- launchApplication -->
        <test-method signature="SALogin()[pri:0, instance:TestCases.SATest@32c726ee]" started-at="2023-07-15T11:02:47 IST" name="SALogin" finished-at="2023-07-15T11:03:01 IST" duration-ms="14439" status="PASS">
          <reporter-output>
          </reporter-output>
        </test-method> <!-- SALogin -->
        <test-method is-config="true" signature="TearDown()[pri:0, instance:TestCases.SATest@32c726ee]" started-at="2023-07-15T11:03:01 IST" name="TearDown" finished-at="2023-07-15T11:03:02 IST" duration-ms="335" status="PASS">
          <reporter-output>
          </reporter-output>
        </test-method> <!-- TearDown -->
      </class> <!-- TestCases.SATest -->
    </test> <!-- SA Login -->
    <test started-at="2023-07-15T11:02:32 IST" name="BA Login" finished-at="2023-07-15T11:03:04 IST" duration-ms="32052">
      <class name="TestCases.StandAloneTest">
        <test-method is-config="true" signature="launchApplication()[pri:0, instance:TestCases.StandAloneTest@5be46f9d]" started-at="2023-07-15T11:02:32 IST" name="launchApplication" finished-at="2023-07-15T11:02:51 IST" duration-ms="19895" status="PASS">
          <reporter-output>
          </reporter-output>
        </test-method> <!-- launchApplication -->
        <test-method signature="BALogin()[pri:0, instance:TestCases.StandAloneTest@5be46f9d]" started-at="2023-07-15T11:02:51 IST" name="BALogin" finished-at="2023-07-15T11:02:54 IST" duration-ms="2383" status="PASS">
          <reporter-output>
          </reporter-output>
        </test-method> <!-- BALogin -->
        <test-method is-config="true" signature="TearDown()[pri:0, instance:TestCases.StandAloneTest@5be46f9d]" started-at="2023-07-15T11:02:54 IST" name="TearDown" finished-at="2023-07-15T11:02:54 IST" duration-ms="455" status="PASS">
          <reporter-output>
          </reporter-output>
        </test-method> <!-- TearDown -->
        <test-method is-config="true" signature="launchApplication()[pri:0, instance:TestCases.StandAloneTest@5be46f9d]" started-at="2023-07-15T11:02:54 IST" name="launchApplication" finished-at="2023-07-15T11:03:03 IST" duration-ms="8860" status="PASS">
          <reporter-output>
          </reporter-output>
        </test-method> <!-- launchApplication -->
        <test-method signature="TitleTest()[pri:0, instance:TestCases.StandAloneTest@5be46f9d]" started-at="2023-07-15T11:03:03 IST" name="TitleTest" finished-at="2023-07-15T11:03:03 IST" duration-ms="25" status="PASS">
          <reporter-output>
          </reporter-output>
        </test-method> <!-- TitleTest -->
        <test-method is-config="true" signature="TearDown()[pri:0, instance:TestCases.StandAloneTest@5be46f9d]" started-at="2023-07-15T11:03:03 IST" name="TearDown" finished-at="2023-07-15T11:03:04 IST" duration-ms="358" status="PASS">
          <reporter-output>
          </reporter-output>
        </test-method> <!-- TearDown -->
      </class> <!-- TestCases.StandAloneTest -->
    </test> <!-- BA Login -->
  </suite> <!-- BUB Demo Suite -->
</testng-results>
